2025-06-02 12:44:27.672 +03 [82420] LOG:  starting PostgreSQL 17.5 (Postgres.app) on aarch64-apple-darwin23.6.0, compiled by Apple clang version 15.0.0 (clang-1500.3.9.4), 64-bit
2025-06-02 12:44:27.673 +03 [82420] LOG:  listening on IPv6 address "::1", port 5432
2025-06-02 12:44:27.673 +03 [82420] LOG:  listening on IPv4 address "127.0.0.1", port 5432
2025-06-02 12:44:27.676 +03 [82420] LOG:  listening on Unix socket "/tmp/.s.PGSQL.5432"
2025-06-02 12:44:27.677 +03 [82423] LOG:  database system was shut down at 2025-06-02 12:44:27 +03
2025-06-02 12:44:27.678 +03 [82420] LOG:  database system is ready to accept connections
2025-06-02 12:48:31.259 +03 [83060] ERROR:  relation "_prisma_migrations" does not exist at character 126
2025-06-02 12:48:31.259 +03 [83060] STATEMENT:  SELECT "id", "checksum", "finished_at", "migration_name", "logs", "rolled_back_at", "started_at", "applied_steps_count" FROM "_prisma_migrations" ORDER BY "started_at" ASC
2025-06-02 12:48:31.383 +03 [82421] LOG:  checkpoint starting: immediate force wait
2025-06-02 12:48:31.428 +03 [82421] LOG:  checkpoint complete: wrote 989 buffers (6.0%); 0 WAL file(s) added, 0 removed, 1 recycled; write=0.035 s, sync=0.010 s, total=0.046 s; sync files=317, longest=0.002 s, average=0.001 s; distance=9002 kB, estimate=9002 kB; lsn=0/2023F80, redo lsn=0/2023F28
2025-06-02 12:48:31.630 +03 [82421] LOG:  checkpoint starting: immediate force wait
2025-06-02 12:48:31.632 +03 [82421] LOG:  checkpoint complete: wrote 7 buffers (0.0%); 0 WAL file(s) added, 0 removed, 0 recycled; write=0.001 s, sync=0.001 s, total=0.003 s; sync files=7, longest=0.001 s, average=0.001 s; distance=4416 kB, estimate=8543 kB; lsn=0/2474330, redo lsn=0/24742D8
2025-06-02 12:48:31.861 +03 [82421] LOG:  checkpoint starting: immediate force wait
2025-06-02 12:48:31.867 +03 [82421] LOG:  checkpoint complete: wrote 78 buffers (0.5%); 0 WAL file(s) added, 0 removed, 0 recycled; write=0.002 s, sync=0.004 s, total=0.006 s; sync files=67, longest=0.001 s, average=0.001 s; distance=4714 kB, estimate=8160 kB; lsn=0/290ECC8, redo lsn=0/290EC70
2025-06-02 12:48:32.027 +03 [82421] LOG:  checkpoint starting: immediate force wait
2025-06-02 12:48:32.028 +03 [82421] LOG:  checkpoint complete: wrote 14 buffers (0.1%); 0 WAL file(s) added, 0 removed, 0 recycled; write=0.001 s, sync=0.001 s, total=0.002 s; sync files=13, longest=0.001 s, average=0.001 s; distance=4452 kB, estimate=7789 kB; lsn=0/2D67D00, redo lsn=0/2D67CA8
2025-06-02 12:48:34.499 +03 [83267] LOG:  could not receive data from client: Connection reset by peer
2025-06-02 12:48:34.625 +03 [82421] LOG:  checkpoint starting: immediate force wait
2025-06-02 12:48:34.628 +03 [82421] LOG:  checkpoint complete: wrote 26 buffers (0.2%); 0 WAL file(s) added, 0 removed, 1 recycled; write=0.001 s, sync=0.001 s, total=0.003 s; sync files=24, longest=0.001 s, average=0.001 s; distance=4521 kB, estimate=7462 kB; lsn=0/31D21A0, redo lsn=0/31D2148
2025-06-02 12:48:34.728 +03 [82421] LOG:  checkpoint starting: immediate force wait
2025-06-02 12:48:34.729 +03 [82421] LOG:  checkpoint complete: wrote 26 buffers (0.2%); 0 WAL file(s) added, 0 removed, 0 recycled; write=0.001 s, sync=0.001 s, total=0.002 s; sync files=21, longest=0.001 s, average=0.001 s; distance=4532 kB, estimate=7169 kB; lsn=0/363F348, redo lsn=0/363F2F0
2025-06-02 12:48:34.915 +03 [82421] LOG:  checkpoint starting: immediate force wait
2025-06-02 12:48:34.916 +03 [82421] LOG:  checkpoint complete: wrote 7 buffers (0.0%); 0 WAL file(s) added, 0 removed, 0 recycled; write=0.001 s, sync=0.001 s, total=0.002 s; sync files=7, longest=0.001 s, average=0.001 s; distance=4436 kB, estimate=6896 kB; lsn=0/3A943E0, redo lsn=0/3A94388
2025-06-02 12:48:35.062 +03 [83283] FATAL:  terminating connection due to administrator command
2025-06-02 12:48:35.163 +03 [82421] LOG:  checkpoint starting: immediate force wait
2025-06-02 12:48:35.164 +03 [82421] LOG:  checkpoint complete: wrote 7 buffers (0.0%); 0 WAL file(s) added, 0 removed, 0 recycled; write=0.001 s, sync=0.001 s, total=0.002 s; sync files=7, longest=0.001 s, average=0.001 s; distance=4437 kB, estimate=6650 kB; lsn=0/3EE9848, redo lsn=0/3EE97F0
2025-06-02 12:48:39.954 +03 [82421] LOG:  checkpoint starting: immediate force wait
2025-06-02 12:48:39.956 +03 [82421] LOG:  checkpoint complete: wrote 7 buffers (0.0%); 0 WAL file(s) added, 0 removed, 1 recycled; write=0.001 s, sync=0.001 s, total=0.002 s; sync files=7, longest=0.001 s, average=0.001 s; distance=4438 kB, estimate=6429 kB; lsn=0/433F0F0, redo lsn=0/433F098
2025-06-02 12:48:40.058 +03 [82421] LOG:  checkpoint starting: immediate force wait
2025-06-02 12:48:40.060 +03 [82421] LOG:  checkpoint complete: wrote 7 buffers (0.0%); 0 WAL file(s) added, 0 removed, 0 recycled; write=0.001 s, sync=0.001 s, total=0.002 s; sync files=7, longest=0.001 s, average=0.001 s; distance=4439 kB, estimate=6230 kB; lsn=0/4794D70, redo lsn=0/4794D18
2025-06-02 12:48:40.145 +03 [83456] FATAL:  terminating connection due to administrator command
2025-06-02 12:48:40.246 +03 [82421] LOG:  checkpoint starting: immediate force wait
2025-06-02 12:48:40.248 +03 [82421] LOG:  checkpoint complete: wrote 9 buffers (0.1%); 0 WAL file(s) added, 0 removed, 0 recycled; write=0.001 s, sync=0.001 s, total=0.002 s; sync files=9, longest=0.001 s, average=0.001 s; distance=4441 kB, estimate=6051 kB; lsn=0/4BEB558, redo lsn=0/4BEB500
2025-06-02 12:48:40.501 +03 [82421] LOG:  checkpoint starting: immediate force wait
2025-06-02 12:48:40.502 +03 [82421] LOG:  checkpoint complete: wrote 7 buffers (0.0%); 0 WAL file(s) added, 0 removed, 1 recycled; write=0.001 s, sync=0.001 s, total=0.002 s; sync files=7, longest=0.001 s, average=0.001 s; distance=4441 kB, estimate=5890 kB; lsn=0/50419E8, redo lsn=0/5041990
2025-06-02 13:08:53.282 +03 [82421] LOG:  checkpoint starting: time
2025-06-02 13:08:54.932 +03 [82421] LOG:  checkpoint complete: wrote 17 buffers (0.1%); 0 WAL file(s) added, 0 removed, 0 recycled; write=1.645 s, sync=0.002 s, total=1.651 s; sync files=13, longest=0.001 s, average=0.001 s; distance=85 kB, estimate=5309 kB; lsn=0/5057120, redo lsn=0/50570C8
2025-06-02 15:33:04.067 +03 [82420] LOG:  received fast shutdown request
2025-06-02 15:33:04.068 +03 [82420] LOG:  aborting any active transactions
2025-06-02 15:33:04.069 +03 [82420] LOG:  background worker "logical replication launcher" (PID 82426) exited with exit code 1
2025-06-02 15:33:04.069 +03 [82421] LOG:  shutting down
2025-06-02 15:33:04.070 +03 [82421] LOG:  checkpoint starting: shutdown immediate
2025-06-02 15:33:04.073 +03 [82421] LOG:  checkpoint complete: wrote 0 buffers (0.0%); 0 WAL file(s) added, 0 removed, 0 recycled; write=0.001 s, sync=0.001 s, total=0.004 s; sync files=0, longest=0.000 s, average=0.000 s; distance=0 kB, estimate=4779 kB; lsn=0/50571D0, redo lsn=0/50571D0
2025-06-02 15:33:04.077 +03 [82420] LOG:  database system is shut down
2025-06-03 02:26:46.228 +03 [76126] LOG:  starting PostgreSQL 17.5 (Postgres.app) on aarch64-apple-darwin23.6.0, compiled by Apple clang version 15.0.0 (clang-1500.3.9.4), 64-bit
2025-06-03 02:26:46.231 +03 [76126] LOG:  listening on IPv6 address "::1", port 5432
2025-06-03 02:26:46.231 +03 [76126] LOG:  listening on IPv4 address "127.0.0.1", port 5432
2025-06-03 02:26:46.232 +03 [76126] LOG:  listening on Unix socket "/tmp/.s.PGSQL.5432"
2025-06-03 02:26:46.234 +03 [76129] LOG:  database system was shut down at 2025-06-02 15:33:04 +03
2025-06-03 02:26:46.237 +03 [76126] LOG:  database system is ready to accept connections
2025-06-03 02:26:47.182 +03 [76126] LOG:  received fast shutdown request
2025-06-03 02:26:47.183 +03 [76126] LOG:  aborting any active transactions
2025-06-03 02:26:47.185 +03 [76126] LOG:  background worker "logical replication launcher" (PID 76132) exited with exit code 1
2025-06-03 02:26:47.186 +03 [76127] LOG:  shutting down
2025-06-03 02:26:47.187 +03 [76127] LOG:  checkpoint starting: shutdown immediate
2025-06-03 02:26:47.189 +03 [76127] LOG:  checkpoint complete: wrote 3 buffers (0.0%); 0 WAL file(s) added, 0 removed, 0 recycled; write=0.001 s, sync=0.001 s, total=0.004 s; sync files=2, longest=0.001 s, average=0.001 s; distance=0 kB, estimate=0 kB; lsn=0/5057248, redo lsn=0/5057248
2025-06-03 02:26:47.193 +03 [76126] LOG:  database system is shut down
